[debug] [2024-10-27T05:04:11.280Z] ----------------------------------------------------------------------
[debug] [2024-10-27T05:04:11.282Z] Command:       C:\Program Files\nodejs\node.exe C:\Users\RiyazA\AppData\Roaming\npm\node_modules\firebase-tools\lib\bin\firebase.js init
[debug] [2024-10-27T05:04:11.282Z] CLI Version:   13.23.0
[debug] [2024-10-27T05:04:11.282Z] Platform:      win32
[debug] [2024-10-27T05:04:11.282Z] Node Version:  v20.10.0
[debug] [2024-10-27T05:04:11.282Z] Time:          Sun Oct 27 2024 11:04:11 GMT+0600 (Bangladesh Standard Time)
[debug] [2024-10-27T05:04:11.282Z] ----------------------------------------------------------------------
[debug] 
[debug] [2024-10-27T05:04:11.287Z] > command requires scopes: ["email","openid","https://www.googleapis.com/auth/cloudplatformprojects.readonly","https://www.googleapis.com/auth/firebase","https://www.googleapis.com/auth/cloud-platform"]
[debug] [2024-10-27T05:04:11.287Z] > authorizing via signed-in user (shabujglobaleducation24@gmail.com)
[info] 
     ######## #### ########  ######## ########     ###     ######  ########
     ##        ##  ##     ## ##       ##     ##  ##   ##  ##       ##
     ######    ##  ########  ######   ########  #########  ######  ######
     ##        ##  ##    ##  ##       ##     ## ##     ##       ## ##
     ##       #### ##     ## ######## ########  ##     ##  ######  ########

You're about to initialize a Firebase project in this directory:

  C:\Projects\Shabuj-Global-Main-NextJS

Before we get started, keep in mind:

  * You are currently outside your home directory

[debug] [2024-10-27T05:07:20.430Z] ----------------------------------------------------------------------
[debug] [2024-10-27T05:07:20.432Z] Command:       C:\Program Files\nodejs\node.exe C:\Users\RiyazA\AppData\Roaming\npm\node_modules\firebase-tools\lib\bin\firebase.js init
[debug] [2024-10-27T05:07:20.433Z] CLI Version:   13.23.0
[debug] [2024-10-27T05:07:20.433Z] Platform:      win32
[debug] [2024-10-27T05:07:20.433Z] Node Version:  v20.10.0
[debug] [2024-10-27T05:07:20.433Z] Time:          Sun Oct 27 2024 11:07:20 GMT+0600 (Bangladesh Standard Time)
[debug] [2024-10-27T05:07:20.433Z] ----------------------------------------------------------------------
[debug] 
[debug] [2024-10-27T05:07:20.437Z] > command requires scopes: ["email","openid","https://www.googleapis.com/auth/cloudplatformprojects.readonly","https://www.googleapis.com/auth/firebase","https://www.googleapis.com/auth/cloud-platform"]
[debug] [2024-10-27T05:07:20.437Z] > authorizing via signed-in user (shabujglobaleducation24@gmail.com)
[info] 
     ######## #### ########  ######## ########     ###     ######  ########
     ##        ##  ##     ## ##       ##     ##  ##   ##  ##       ##
     ######    ##  ########  ######   ########  #########  ######  ######
     ##        ##  ##    ##  ##       ##     ## ##     ##       ## ##
     ##       #### ##     ## ######## ########  ##     ##  ######  ########

You're about to initialize a Firebase project in this directory:

  C:\Projects\Shabuj-Global-Main-NextJS

Before we get started, keep in mind:

  * You are currently outside your home directory

[debug] [2024-10-27T05:08:53.429Z] ----------------------------------------------------------------------
[debug] [2024-10-27T05:08:53.431Z] Command:       C:\Program Files\nodejs\node.exe C:\Users\RiyazA\AppData\Roaming\npm\node_modules\firebase-tools\lib\bin\firebase.js init
[debug] [2024-10-27T05:08:53.432Z] CLI Version:   13.23.0
[debug] [2024-10-27T05:08:53.432Z] Platform:      win32
[debug] [2024-10-27T05:08:53.432Z] Node Version:  v20.10.0
[debug] [2024-10-27T05:08:53.432Z] Time:          Sun Oct 27 2024 11:08:53 GMT+0600 (Bangladesh Standard Time)
[debug] [2024-10-27T05:08:53.432Z] ----------------------------------------------------------------------
[debug] 
[debug] [2024-10-27T05:08:53.436Z] > command requires scopes: ["email","openid","https://www.googleapis.com/auth/cloudplatformprojects.readonly","https://www.googleapis.com/auth/firebase","https://www.googleapis.com/auth/cloud-platform"]
[debug] [2024-10-27T05:08:53.437Z] > authorizing via signed-in user (shabujglobaleducation24@gmail.com)
[info] 
     ######## #### ########  ######## ########     ###     ######  ########
     ##        ##  ##     ## ##       ##     ##  ##   ##  ##       ##
     ######    ##  ########  ######   ########  #########  ######  ######
     ##        ##  ##    ##  ##       ##     ## ##     ##       ## ##
     ##       #### ##     ## ######## ########  ##     ##  ######  ########

You're about to initialize a Firebase project in this directory:

  C:\Projects\Shabuj-Global-Main-NextJS

Before we get started, keep in mind:

  * You are currently outside your home directory

